<?xml version="1.0" encoding="UTF-8"?>
<!-- Generated by org.testng.reporters.JUnitReportReporter -->
<testsuite hostname="DESKTOP-P6M7TJ1" failures="0" tests="2" name="com.parallel.paralleltest" time="2.686" errors="2" timestamp="2024-03-31T22:09:08 IST" skipped="0">
  <testcase classname="com.parallel.paralleltest" name="facebook" time="1.343">
    <error message="session not created: This version of ChromeDriver only supports Chrome version 120
Current browser version is 123.0.6312.86 with binary path C:\Program Files\Google\Chrome\Application\chrome.exe
Build info: version: &#039;3.141.59&#039;, revision: &#039;e82be7d358&#039;, time: &#039;2018-11-14T08:17:03&#039;
System info: host: &#039;DESKTOP-P6M7TJ1&#039;, ip: &#039;192.168.1.7&#039;, os.name: &#039;Windows 11&#039;, os.arch: &#039;amd64&#039;, os.version: &#039;10.0&#039;, java.version: &#039;17.0.3&#039;
Driver info: driver.version: ChromeDriver
remote stacktrace: 	GetHandleVerifier [0x00007FF659AC4D02+56194]
	(No symbol) [0x00007FF659A304B2]
	(No symbol) [0x00007FF6598D76AA]
	(No symbol) [0x00007FF659911652]
	(No symbol) [0x00007FF65991094D]
	(No symbol) [0x00007FF65990B84F]
	(No symbol) [0x00007FF659907DC2]
	(No symbol) [0x00007FF659950954]
	(No symbol) [0x00007FF659945C23]
	(No symbol) [0x00007FF659914A45]
	(No symbol) [0x00007FF659915AD4]
	GetHandleVerifier [0x00007FF659E3D5BB+3695675]
	GetHandleVerifier [0x00007FF659E96197+4059159]
	GetHandleVerifier [0x00007FF659E8DF63+4025827]
	GetHandleVerifier [0x00007FF659B5F029+687785]
	(No symbol) [0x00007FF659A3B508]
	(No symbol) [0x00007FF659A37564]
	(No symbol) [0x00007FF659A376E9]
	(No symbol) [0x00007FF659A28094]
	BaseThreadInitThunk [0x00007FF84FDD257D+29]
	RtlUserThreadStart [0x00007FF8520AAA58+40]
" type="org.openqa.selenium.SessionNotCreatedException">
      <![CDATA[org.openqa.selenium.SessionNotCreatedException: session not created: This version of ChromeDriver only supports Chrome version 120
Current browser version is 123.0.6312.86 with binary path C:\Program Files\Google\Chrome\Application\chrome.exe
Build info: version: '3.141.59', revision: 'e82be7d358', time: '2018-11-14T08:17:03'
System info: host: 'DESKTOP-P6M7TJ1', ip: '192.168.1.7', os.name: 'Windows 11', os.arch: 'amd64', os.version: '10.0', java.version: '17.0.3'
Driver info: driver.version: ChromeDriver
remote stacktrace: GetHandleVerifier [0x00007FF659AC4D02+56194]
(No symbol) [0x00007FF659A304B2]
(No symbol) [0x00007FF6598D76AA]
(No symbol) [0x00007FF659911652]
(No symbol) [0x00007FF65991094D]
(No symbol) [0x00007FF65990B84F]
(No symbol) [0x00007FF659907DC2]
(No symbol) [0x00007FF659950954]
(No symbol) [0x00007FF659945C23]
(No symbol) [0x00007FF659914A45]
(No symbol) [0x00007FF659915AD4]
GetHandleVerifier [0x00007FF659E3D5BB+3695675]
GetHandleVerifier [0x00007FF659E96197+4059159]
GetHandleVerifier [0x00007FF659E8DF63+4025827]
GetHandleVerifier [0x00007FF659B5F029+687785]
(No symbol) [0x00007FF659A3B508]
(No symbol) [0x00007FF659A37564]
(No symbol) [0x00007FF659A376E9]
(No symbol) [0x00007FF659A28094]
BaseThreadInitThunk [0x00007FF84FDD257D+29]
RtlUserThreadStart [0x00007FF8520AAA58+40]

at java.base/jdk.internal.reflect.NativeConstructorAccessorImpl.newInstance0(Native Method)
at java.base/jdk.internal.reflect.NativeConstructorAccessorImpl.newInstance(NativeConstructorAccessorImpl.java:77)
at java.base/jdk.internal.reflect.DelegatingConstructorAccessorImpl.newInstance(DelegatingConstructorAccessorImpl.java:45)
at java.base/java.lang.reflect.Constructor.newInstanceWithCaller(Constructor.java:499)
at java.base/java.lang.reflect.Constructor.newInstance(Constructor.java:480)
at org.openqa.selenium.remote.W3CHandshakeResponse.lambda$errorHandler$0(W3CHandshakeResponse.java:62)
at org.openqa.selenium.remote.HandshakeResponse.lambda$getResponseFunction$0(HandshakeResponse.java:30)
at org.openqa.selenium.remote.ProtocolHandshake.lambda$createSession$0(ProtocolHandshake.java:126)
at java.base/java.util.stream.ReferencePipeline$3$1.accept(ReferencePipeline.java:197)
at java.base/java.util.Spliterators$ArraySpliterator.tryAdvance(Spliterators.java:1002)
at java.base/java.util.stream.ReferencePipeline.forEachWithCancel(ReferencePipeline.java:129)
at java.base/java.util.stream.AbstractPipeline.copyIntoWithCancel(AbstractPipeline.java:527)
at java.base/java.util.stream.AbstractPipeline.copyInto(AbstractPipeline.java:513)
at java.base/java.util.stream.AbstractPipeline.wrapAndCopyInto(AbstractPipeline.java:499)
at java.base/java.util.stream.FindOps$FindOp.evaluateSequential(FindOps.java:150)
at java.base/java.util.stream.AbstractPipeline.evaluate(AbstractPipeline.java:234)
at java.base/java.util.stream.ReferencePipeline.findFirst(ReferencePipeline.java:647)
at org.openqa.selenium.remote.ProtocolHandshake.createSession(ProtocolHandshake.java:128)
at org.openqa.selenium.remote.ProtocolHandshake.createSession(ProtocolHandshake.java:74)
at org.openqa.selenium.remote.HttpCommandExecutor.execute(HttpCommandExecutor.java:136)
at org.openqa.selenium.remote.service.DriverCommandExecutor.execute(DriverCommandExecutor.java:83)
at org.openqa.selenium.remote.RemoteWebDriver.execute(RemoteWebDriver.java:552)
at org.openqa.selenium.remote.RemoteWebDriver.startSession(RemoteWebDriver.java:213)
at org.openqa.selenium.remote.RemoteWebDriver.<init>(RemoteWebDriver.java:131)
at org.openqa.selenium.chrome.ChromeDriver.<init>(ChromeDriver.java:181)
at org.openqa.selenium.chrome.ChromeDriver.<init>(ChromeDriver.java:168)
at org.openqa.selenium.chrome.ChromeDriver.<init>(ChromeDriver.java:123)
at com.base.baseclass.browser(baseclass.java:38)
at com.parallel.paralleltest.facebook(paralleltest.java:12)
at java.base/jdk.internal.reflect.NativeMethodAccessorImpl.invoke0(Native Method)
at java.base/jdk.internal.reflect.NativeMethodAccessorImpl.invoke(NativeMethodAccessorImpl.java:77)
at java.base/jdk.internal.reflect.DelegatingMethodAccessorImpl.invoke(DelegatingMethodAccessorImpl.java:43)
at java.base/java.lang.reflect.Method.invoke(Method.java:568)
at org.testng.internal.MethodInvocationHelper.invokeMethod(MethodInvocationHelper.java:133)
at org.testng.internal.TestInvoker.invokeMethod(TestInvoker.java:584)
at org.testng.internal.TestInvoker.invokeTestMethod(TestInvoker.java:172)
at org.testng.internal.MethodRunner.runInSequence(MethodRunner.java:46)
at org.testng.internal.TestInvoker$MethodInvocationAgent.invoke(TestInvoker.java:804)
at org.testng.internal.TestInvoker.invokeTestMethods(TestInvoker.java:145)
at org.testng.internal.TestMethodWorker.invokeTestMethods(TestMethodWorker.java:146)
at org.testng.internal.TestMethodWorker.run(TestMethodWorker.java:128)
at java.base/java.util.concurrent.ThreadPoolExecutor.runWorker(ThreadPoolExecutor.java:1136)
at java.base/java.util.concurrent.ThreadPoolExecutor$Worker.run(ThreadPoolExecutor.java:635)
at java.base/java.lang.Thread.run(Thread.java:833)
]]>
    </error>
  </testcase> <!-- facebook -->
  <testcase classname="com.parallel.paralleltest" name="insta" time="1.343">
    <error message="session not created: This version of ChromeDriver only supports Chrome version 120
Current browser version is 123.0.6312.86 with binary path C:\Program Files\Google\Chrome\Application\chrome.exe
Build info: version: &#039;3.141.59&#039;, revision: &#039;e82be7d358&#039;, time: &#039;2018-11-14T08:17:03&#039;
System info: host: &#039;DESKTOP-P6M7TJ1&#039;, ip: &#039;192.168.1.7&#039;, os.name: &#039;Windows 11&#039;, os.arch: &#039;amd64&#039;, os.version: &#039;10.0&#039;, java.version: &#039;17.0.3&#039;
Driver info: driver.version: ChromeDriver
remote stacktrace: 	GetHandleVerifier [0x00007FF659AC4D02+56194]
	(No symbol) [0x00007FF659A304B2]
	(No symbol) [0x00007FF6598D76AA]
	(No symbol) [0x00007FF659911652]
	(No symbol) [0x00007FF65991094D]
	(No symbol) [0x00007FF65990B84F]
	(No symbol) [0x00007FF659907DC2]
	(No symbol) [0x00007FF659950954]
	(No symbol) [0x00007FF659945C23]
	(No symbol) [0x00007FF659914A45]
	(No symbol) [0x00007FF659915AD4]
	GetHandleVerifier [0x00007FF659E3D5BB+3695675]
	GetHandleVerifier [0x00007FF659E96197+4059159]
	GetHandleVerifier [0x00007FF659E8DF63+4025827]
	GetHandleVerifier [0x00007FF659B5F029+687785]
	(No symbol) [0x00007FF659A3B508]
	(No symbol) [0x00007FF659A37564]
	(No symbol) [0x00007FF659A376E9]
	(No symbol) [0x00007FF659A28094]
	BaseThreadInitThunk [0x00007FF84FDD257D+29]
	RtlUserThreadStart [0x00007FF8520AAA58+40]
" type="org.openqa.selenium.SessionNotCreatedException">
      <![CDATA[org.openqa.selenium.SessionNotCreatedException: session not created: This version of ChromeDriver only supports Chrome version 120
Current browser version is 123.0.6312.86 with binary path C:\Program Files\Google\Chrome\Application\chrome.exe
Build info: version: '3.141.59', revision: 'e82be7d358', time: '2018-11-14T08:17:03'
System info: host: 'DESKTOP-P6M7TJ1', ip: '192.168.1.7', os.name: 'Windows 11', os.arch: 'amd64', os.version: '10.0', java.version: '17.0.3'
Driver info: driver.version: ChromeDriver
remote stacktrace: GetHandleVerifier [0x00007FF659AC4D02+56194]
(No symbol) [0x00007FF659A304B2]
(No symbol) [0x00007FF6598D76AA]
(No symbol) [0x00007FF659911652]
(No symbol) [0x00007FF65991094D]
(No symbol) [0x00007FF65990B84F]
(No symbol) [0x00007FF659907DC2]
(No symbol) [0x00007FF659950954]
(No symbol) [0x00007FF659945C23]
(No symbol) [0x00007FF659914A45]
(No symbol) [0x00007FF659915AD4]
GetHandleVerifier [0x00007FF659E3D5BB+3695675]
GetHandleVerifier [0x00007FF659E96197+4059159]
GetHandleVerifier [0x00007FF659E8DF63+4025827]
GetHandleVerifier [0x00007FF659B5F029+687785]
(No symbol) [0x00007FF659A3B508]
(No symbol) [0x00007FF659A37564]
(No symbol) [0x00007FF659A376E9]
(No symbol) [0x00007FF659A28094]
BaseThreadInitThunk [0x00007FF84FDD257D+29]
RtlUserThreadStart [0x00007FF8520AAA58+40]

at java.base/jdk.internal.reflect.NativeConstructorAccessorImpl.newInstance0(Native Method)
at java.base/jdk.internal.reflect.NativeConstructorAccessorImpl.newInstance(NativeConstructorAccessorImpl.java:77)
at java.base/jdk.internal.reflect.DelegatingConstructorAccessorImpl.newInstance(DelegatingConstructorAccessorImpl.java:45)
at java.base/java.lang.reflect.Constructor.newInstanceWithCaller(Constructor.java:499)
at java.base/java.lang.reflect.Constructor.newInstance(Constructor.java:480)
at org.openqa.selenium.remote.W3CHandshakeResponse.lambda$errorHandler$0(W3CHandshakeResponse.java:62)
at org.openqa.selenium.remote.HandshakeResponse.lambda$getResponseFunction$0(HandshakeResponse.java:30)
at org.openqa.selenium.remote.ProtocolHandshake.lambda$createSession$0(ProtocolHandshake.java:126)
at java.base/java.util.stream.ReferencePipeline$3$1.accept(ReferencePipeline.java:197)
at java.base/java.util.Spliterators$ArraySpliterator.tryAdvance(Spliterators.java:1002)
at java.base/java.util.stream.ReferencePipeline.forEachWithCancel(ReferencePipeline.java:129)
at java.base/java.util.stream.AbstractPipeline.copyIntoWithCancel(AbstractPipeline.java:527)
at java.base/java.util.stream.AbstractPipeline.copyInto(AbstractPipeline.java:513)
at java.base/java.util.stream.AbstractPipeline.wrapAndCopyInto(AbstractPipeline.java:499)
at java.base/java.util.stream.FindOps$FindOp.evaluateSequential(FindOps.java:150)
at java.base/java.util.stream.AbstractPipeline.evaluate(AbstractPipeline.java:234)
at java.base/java.util.stream.ReferencePipeline.findFirst(ReferencePipeline.java:647)
at org.openqa.selenium.remote.ProtocolHandshake.createSession(ProtocolHandshake.java:128)
at org.openqa.selenium.remote.ProtocolHandshake.createSession(ProtocolHandshake.java:74)
at org.openqa.selenium.remote.HttpCommandExecutor.execute(HttpCommandExecutor.java:136)
at org.openqa.selenium.remote.service.DriverCommandExecutor.execute(DriverCommandExecutor.java:83)
at org.openqa.selenium.remote.RemoteWebDriver.execute(RemoteWebDriver.java:552)
at org.openqa.selenium.remote.RemoteWebDriver.startSession(RemoteWebDriver.java:213)
at org.openqa.selenium.remote.RemoteWebDriver.<init>(RemoteWebDriver.java:131)
at org.openqa.selenium.chrome.ChromeDriver.<init>(ChromeDriver.java:181)
at org.openqa.selenium.chrome.ChromeDriver.<init>(ChromeDriver.java:168)
at org.openqa.selenium.chrome.ChromeDriver.<init>(ChromeDriver.java:123)
at com.base.baseclass.browser(baseclass.java:38)
at com.parallel.paralleltest.insta(paralleltest.java:22)
at java.base/jdk.internal.reflect.NativeMethodAccessorImpl.invoke0(Native Method)
at java.base/jdk.internal.reflect.NativeMethodAccessorImpl.invoke(NativeMethodAccessorImpl.java:77)
at java.base/jdk.internal.reflect.DelegatingMethodAccessorImpl.invoke(DelegatingMethodAccessorImpl.java:43)
at java.base/java.lang.reflect.Method.invoke(Method.java:568)
at org.testng.internal.MethodInvocationHelper.invokeMethod(MethodInvocationHelper.java:133)
at org.testng.internal.TestInvoker.invokeMethod(TestInvoker.java:584)
at org.testng.internal.TestInvoker.invokeTestMethod(TestInvoker.java:172)
at org.testng.internal.MethodRunner.runInSequence(MethodRunner.java:46)
at org.testng.internal.TestInvoker$MethodInvocationAgent.invoke(TestInvoker.java:804)
at org.testng.internal.TestInvoker.invokeTestMethods(TestInvoker.java:145)
at org.testng.internal.TestMethodWorker.invokeTestMethods(TestMethodWorker.java:146)
at org.testng.internal.TestMethodWorker.run(TestMethodWorker.java:128)
at java.base/java.util.concurrent.ThreadPoolExecutor.runWorker(ThreadPoolExecutor.java:1136)
at java.base/java.util.concurrent.ThreadPoolExecutor$Worker.run(ThreadPoolExecutor.java:635)
at java.base/java.lang.Thread.run(Thread.java:833)
]]>
    </error>
  </testcase> <!-- insta -->
</testsuite> <!-- com.parallel.paralleltest -->
